<?xml version="1.0" encoding="UTF-8"?>
<testsuite name="io.horizontalsystems.thorchainkit.SignerTest" tests="5" skipped="0" failures="0" errors="0" timestamp="2026-07-19T08:58:11.171Z" hostname="Rafaels-MacBook-Pro.local" time="0.149">
  <properties/>
  <testcase name="publicKeyAndAddress" classname="io.horizontalsystems.thorchainkit.SignerTest" time="0.08"/>
  <testcase name="sign" classname="io.horizontalsystems.thorchainkit.SignerTest" time="0.018"/>
  <testcase name="seedFromMnemonic" classname="io.horizontalsystems.thorchainkit.SignerTest" time="0.017"/>
  <testcase name="sign_deterministic" classname="io.horizontalsystems.thorchainkit.SignerTest" time="0.019"/>
  <testcase name="privateKeyDerivation" classname="io.horizontalsystems.thorchainkit.SignerTest" time="0.015"/>
  <system-out><![CDATA[]]></system-out>
  <system-err><![CDATA[]]></system-err>
</testsuite>
