<?xml version="1.0" encoding="UTF-8"?>
<testsuite name="io.horizontalsystems.thorchainkit.ThornodeApiProviderTest" tests="3" skipped="0" failures="0" errors="0" timestamp="2026-07-19T10:05:18.959Z" hostname="Rafaels-MacBook-Pro.local" time="0.005">
  <properties/>
  <testcase name="parseAccountInfo_unsupportedType" classname="io.horizontalsystems.thorchainkit.ThornodeApiProviderTest" time="0.005"/>
  <testcase name="parseAccountInfo_moduleAccount" classname="io.horizontalsystems.thorchainkit.ThornodeApiProviderTest" time="0.0"/>
  <testcase name="parseAccountInfo_baseAccount" classname="io.horizontalsystems.thorchainkit.ThornodeApiProviderTest" time="0.0"/>
  <system-out><![CDATA[]]></system-out>
  <system-err><![CDATA[]]></system-err>
</testsuite>
