<?xml version="1.0" encoding="UTF-8"?>
<testsuite name="io.horizontalsystems.thorchainkit.TxBuilderTest" tests="3" skipped="0" failures="0" errors="0" timestamp="2026-07-19T09:41:07.977Z" hostname="Rafaels-MacBook-Pro.local" time="0.024">
  <properties/>
  <testcase name="assetNotation" classname="io.horizontalsystems.thorchainkit.TxBuilderTest" time="0.004"/>
  <testcase name="buildSigned_msgSend" classname="io.horizontalsystems.thorchainkit.TxBuilderTest" time="0.018"/>
  <testcase name="buildSigned_msgDeposit" classname="io.horizontalsystems.thorchainkit.TxBuilderTest" time="0.002"/>
  <system-out><![CDATA[]]></system-out>
  <system-err><![CDATA[]]></system-err>
</testsuite>
