<?xml version="1.0" encoding="UTF-8"?>
<testsuite name="io.horizontalsystems.thorchainkit.SignerTest" tests="5" skipped="0" failures="0" errors="0" timestamp="2026-07-19T10:05:17.941Z" hostname="Rafaels-MacBook-Pro.local" time="1.017">
  <properties/>
  <testcase name="publicKeyAndAddress" classname="io.horizontalsystems.thorchainkit.SignerTest" time="0.137"/>
  <testcase name="sign" classname="io.horizontalsystems.thorchainkit.SignerTest" time="0.819"/>
  <testcase name="seedFromMnemonic" classname="io.horizontalsystems.thorchainkit.SignerTest" time="0.026"/>
  <testcase name="sign_deterministic" classname="io.horizontalsystems.thorchainkit.SignerTest" time="0.019"/>
  <testcase name="privateKeyDerivation" classname="io.horizontalsystems.thorchainkit.SignerTest" time="0.015"/>
  <system-out><![CDATA[Could not load Android Secp256k1. Trying to extract JVM platform specific version.
]]></system-out>
  <system-err><![CDATA[]]></system-err>
</testsuite>
