<?xml version="1.0" encoding="UTF-8"?>
<testsuite name="io.horizontalsystems.thorchainkit.TxBuilderTest" tests="3" skipped="0" failures="0" errors="0" timestamp="2026-07-19T08:58:10.347Z" hostname="Rafaels-MacBook-Pro.local" time="0.81">
  <properties/>
  <testcase name="assetNotation" classname="io.horizontalsystems.thorchainkit.TxBuilderTest" time="0.098"/>
  <testcase name="buildSigned_msgSend" classname="io.horizontalsystems.thorchainkit.TxBuilderTest" time="0.706"/>
  <testcase name="buildSigned_msgDeposit" classname="io.horizontalsystems.thorchainkit.TxBuilderTest" time="0.006"/>
  <system-out><![CDATA[Could not load Android Secp256k1. Trying to extract JVM platform specific version.
]]></system-out>
  <system-err><![CDATA[]]></system-err>
</testsuite>
